2012-12-25 17:05:40,325 manager INFO 1.1.0
2012-12-25 17:05:40,325 manager INFO Copyright (C) 2003-2010
2012-12-25 17:05:40,325 manager INFO   Noriaki Ando
2012-12-25 17:05:40,325 manager INFO   Intelligent Systems Research Institute, AIST
2012-12-25 17:05:40,325 manager INFO Manager starting.
2012-12-25 17:05:40,326 manager INFO Starting local logging.
2012-12-25 17:05:40,326 manager TRACE Manager.initORB()
2012-12-25 17:05:40,326 manager DEBUG corba.args: 
2012-12-25 17:05:40,326 manager DEBUG corba.endpoint: 
2012-12-25 17:05:40,326 manager DEBUG manager.is_master: YES
2012-12-25 17:05:40,326 manager DEBUG corba.id: omniORB
2012-12-25 17:05:40,326 manager DEBUG Endpoint is : :2810
2012-12-25 17:05:40,326 manager PARANOID ORB options:  -ORBendPoint giop:tcp::2810
2012-12-25 17:05:40,327 manager TRACE Manager.initNaming()
2012-12-25 17:05:40,328 manager TRACE Register Naming Server: corba/localhost:2809
2012-12-25 17:05:40,328 manager.namingmanager TRACE NamingManager::registerNameServer(corba, localhost:2809)
2012-12-25 17:05:40,328 manager.namingmanager TRACE createNamingObj(method = corba, nameserver = localhost:2809)
2012-12-25 17:05:40,328 manager TRACE Manager.getORB()
2012-12-25 17:05:40,329 manager.namingmanager INFO NameServer connection succeeded: corba/localhost:2809
2012-12-25 17:05:40,329 manager TRACE Manager.initFactories()
2012-12-25 17:05:40,330 manager TRACE Manager.initExecContext()
2012-12-25 17:05:40,330 manager TRACE Manager.registerECFactory(PeriodicExecutionContext)
2012-12-25 17:05:40,330 manager TRACE Manager.registerECFactory(ExtTrigExecutionContext)
2012-12-25 17:05:40,330 manager TRACE Manager.registerECFactory(OpenHRPExecutionContext)
2012-12-25 17:05:40,330 manager TRACE Manager.initComposite()
2012-12-25 17:05:40,330 manager TRACE Manager.registerFactory(PeriodicECSharedComposite)
2012-12-25 17:05:40,331 manager TRACE Manager.initManagerServant()
2012-12-25 17:05:40,333 ManagerServant TRACE This manager is master.
2012-12-25 17:05:40,333 manager TRACE Manager.getORB()
2012-12-25 17:05:40,333 ManagerServant TRACE Manager CORBA servant was successfully created.
2012-12-25 17:05:40,334 manager.namingmanager TRACE NamingManager::bindManagerObject(asura.local.host_cxt/manager.mgr)
2012-12-25 17:05:40,334 manager.namingoncorba TRACE bindObject(name = asura.local.host_cxt/manager.mgr, rtobj or mgr)
2012-12-25 17:05:40,334 manager TRACE Manager.activateManager()
2012-12-25 17:05:40,334 manager TRACE Manager.getPOAManager()
2012-12-25 17:05:40,334 manager TRACE POA Manager activated.
2012-12-25 17:05:40,335 ModuleManager TRACE load(fname = controller/Controller.py)
2012-12-25 17:05:40,344 manager TRACE Manager.registerFactory(Controller)
2012-12-25 17:05:40,346 manager TRACE Manager.createComponent(Controller)
2012-12-25 17:05:40,346 manager TRACE RTC basic profile vendor: 
2012-12-25 17:05:40,346 manager TRACE RTC basic profile category: 
2012-12-25 17:05:40,346 manager TRACE RTC basic profile implementation_id: Controller
2012-12-25 17:05:40,347 manager TRACE RTC basic profile version: 
2012-12-25 17:05:40,350 manager TRACE Manager.getORB()
2012-12-25 17:05:40,350 manager TRACE Manager.getPOA()
2012-12-25 17:05:40,350 manager TRACE Manager.getORB()
2012-12-25 17:05:40,351 manager TRACE Manager.getPOA()
2012-12-25 17:05:40,352 rtobject TRACE getProperties()
2012-12-25 17:05:40,352 SdoServiceAdmin TRACE SdoServiceAdmin::SdoServiceAdmin()
2012-12-25 17:05:40,352 rtobject TRACE getProperties()
2012-12-25 17:05:40,352 SdoServiceAdmin DEBUG sdo.service.provider.enabled_services: 
2012-12-25 17:05:40,353 SdoServiceAdmin DEBUG sdo.service.provider.available_services: 
2012-12-25 17:05:40,353 SdoServiceAdmin DEBUG sdo.service.consumer.enabled_services: 
2012-12-25 17:05:40,353 SdoServiceAdmin DEBUG sdo.service.consumer.available_services: 
2012-12-25 17:05:40,354 velIn DEBUG Port name: velIn
2012-12-25 17:05:40,354 velIn DEBUG setting port.port_type: DataInPort
2012-12-25 17:05:40,355 velIn DEBUG setting port.data_type: IDL:RTC/TimedVelocity2D:1.0
2012-12-25 17:05:40,355 octetIn DEBUG Port name: octetIn
2012-12-25 17:05:40,355 octetIn DEBUG setting port.port_type: DataInPort
2012-12-25 17:05:40,355 octetIn DEBUG setting port.data_type: IDL:RTC/TimedOctetSeq:1.0
2012-12-25 17:05:40,356 velOut DEBUG Port name: velOut
2012-12-25 17:05:40,356 velOut DEBUG setting port.port_type: DataOutPort
2012-12-25 17:05:40,356 velOut DEBUG setting dataport.data_type: IDL:RTC/TimedVelocity2D:1.0
2012-12-25 17:05:40,356 velOut DEBUG available subscription_type: flush, new, periodic
2012-12-25 17:05:40,357 octetOut DEBUG Port name: octetOut
2012-12-25 17:05:40,357 octetOut DEBUG setting port.port_type: DataOutPort
2012-12-25 17:05:40,357 octetOut DEBUG setting dataport.data_type: IDL:RTC/TimedOctetSeq:1.0
2012-12-25 17:05:40,357 octetOut DEBUG available subscription_type: flush, new, periodic
2012-12-25 17:05:40,357 rtobject TRACE setProperties()
2012-12-25 17:05:40,359 rtobject TRACE getTypeName()
2012-12-25 17:05:40,359 rtobject TRACE setInstanceName(Controller0)
2012-12-25 17:05:40,359 manager TRACE RTC Created: Controller
2012-12-25 17:05:40,359 rtobject TRACE getCategory()
2012-12-25 17:05:40,359 rtobject TRACE getTypeName()
2012-12-25 17:05:40,359 rtobject TRACE getInstanceName()
2012-12-25 17:05:40,360 manager ERROR Traceback (most recent call last):
  File "/Library/Frameworks/Python.framework/Versions/2.7/lib/python2.7/site-packages/OpenRTM_aist/Manager.py", line 1985, in configureComponent
    conff = open(self._config.getProperty(type_conf))
IOError: [Errno 2] No such file or directory: 'Controller.conf'

2012-12-25 17:05:40,361 rtobject TRACE setProperties()
2012-12-25 17:05:40,363 rtobject TRACE setProperties()
2012-12-25 17:05:40,363 rtobject TRACE getProperties()
2012-12-25 17:05:40,367 rtobject TRACE getProperties()
2012-12-25 17:05:40,368 rtobject TRACE getProperties()
2012-12-25 17:05:40,368 rtobject TRACE getProperties()
2012-12-25 17:05:40,368 rtobject TRACE initialize()
2012-12-25 17:05:40,368 manager TRACE Manager.createContext()
2012-12-25 17:05:40,369 manager TRACE ExecutionContext type: PeriodicExecutionContext
2012-12-25 17:05:40,369 manager TRACE EC property rate: 1000
2012-12-25 17:05:40,369 rtobject.periodic_ec TRACE PeriodicExecutionContext()
2012-12-25 17:05:40,369 rtobject.periodic_ec DEBUG Actual rate: 0 [sec], 1 [usec]
2012-12-25 17:05:40,370 rtobject.periodic_ec TRACE set_rate(1000.000000)
2012-12-25 17:05:40,370 rtobject.periodic_ec TRACE bindComponent()
2012-12-25 17:05:40,370 rtobject TRACE getObjRef()
2012-12-25 17:05:40,370 rtobject TRACE bindContext()
2012-12-25 17:05:40,370 rtobject.periodic_ec DEBUG bindContext returns id = 0
2012-12-25 17:05:40,371 rtobject TRACE on_initialize()
2012-12-25 17:05:40,371 rtobject TRACE addInPort(velIn)
2012-12-25 17:05:40,372 rtobject TRACE addPort()
2012-12-25 17:05:40,372 rtobject TRACE addPort(PortBase)
2012-12-25 17:05:40,372 rtobject TRACE getObjRef()
2012-12-25 17:05:40,372 rtobject TRACE get_component_profile()
2012-12-25 17:05:40,375 velIn TRACE setOwner(Controller0)
2012-12-25 17:05:40,375 velIn TRACE getPortProfile()
2012-12-25 17:05:40,375 velIn TRACE getName() = Controller0.velIn
2012-12-25 17:05:40,375 velIn TRACE getPortRef()
2012-12-25 17:05:40,375 velIn TRACE getProfile()
2012-12-25 17:05:40,376 velIn TRACE init()
2012-12-25 17:05:40,376 velIn DEBUG single buffer mode.
2012-12-25 17:05:40,376 velIn TRACE initProviders()
2012-12-25 17:05:40,376 velIn DEBUG available providers: corba_cdr
2012-12-25 17:05:40,376 velIn DEBUG dataflow_type push is supported
2012-12-25 17:05:40,376 velIn TRACE initConsumers()
2012-12-25 17:05:40,377 velIn DEBUG available consumers: corba_cdr
2012-12-25 17:05:40,377 velIn PARANOID dataflow_type pull is supported
2012-12-25 17:05:40,377 rtobject TRACE addInPort(octetIn)
2012-12-25 17:05:40,377 rtobject TRACE addPort()
2012-12-25 17:05:40,378 rtobject TRACE addPort(PortBase)
2012-12-25 17:05:40,378 rtobject TRACE getObjRef()
2012-12-25 17:05:40,378 rtobject TRACE get_component_profile()
2012-12-25 17:05:40,378 velIn TRACE get_port_profile()
2012-12-25 17:05:40,381 octetIn TRACE setOwner(Controller0)
2012-12-25 17:05:40,381 octetIn TRACE getPortProfile()
2012-12-25 17:05:40,381 octetIn TRACE getName() = Controller0.octetIn
2012-12-25 17:05:40,381 velIn TRACE get_port_profile()
2012-12-25 17:05:40,382 octetIn TRACE getPortRef()
2012-12-25 17:05:40,382 octetIn TRACE getProfile()
2012-12-25 17:05:40,382 velIn TRACE getProfile()
2012-12-25 17:05:40,382 octetIn TRACE init()
2012-12-25 17:05:40,382 octetIn DEBUG single buffer mode.
2012-12-25 17:05:40,383 octetIn TRACE initProviders()
2012-12-25 17:05:40,383 octetIn DEBUG available providers: corba_cdr
2012-12-25 17:05:40,383 octetIn DEBUG dataflow_type push is supported
2012-12-25 17:05:40,383 octetIn TRACE initConsumers()
2012-12-25 17:05:40,383 octetIn DEBUG available consumers: corba_cdr
2012-12-25 17:05:40,384 octetIn PARANOID dataflow_type pull is supported
2012-12-25 17:05:40,384 rtobject TRACE addOutPort(velOut)
2012-12-25 17:05:40,384 rtobject TRACE addPort()
2012-12-25 17:05:40,384 rtobject TRACE addPort(PortBase)
2012-12-25 17:05:40,385 rtobject TRACE getObjRef()
2012-12-25 17:05:40,385 rtobject TRACE get_component_profile()
2012-12-25 17:05:40,385 velIn TRACE get_port_profile()
2012-12-25 17:05:40,385 octetIn TRACE get_port_profile()
2012-12-25 17:05:40,387 velOut TRACE setOwner(Controller0)
2012-12-25 17:05:40,388 velOut TRACE getPortProfile()
2012-12-25 17:05:40,388 velOut TRACE getName() = Controller0.velOut
2012-12-25 17:05:40,388 velIn TRACE get_port_profile()
2012-12-25 17:05:40,388 octetIn TRACE get_port_profile()
2012-12-25 17:05:40,389 velOut TRACE getPortRef()
2012-12-25 17:05:40,389 velOut TRACE getProfile()
2012-12-25 17:05:40,389 velIn TRACE getProfile()
2012-12-25 17:05:40,389 octetIn TRACE getProfile()
2012-12-25 17:05:40,389 velOut TRACE init()
2012-12-25 17:05:40,390 velOut TRACE initConsumers()
2012-12-25 17:05:40,390 velOut PARANOID available InPortConsumer: corba_cdr
2012-12-25 17:05:40,390 velOut PARANOID dataflow_type push is supported
2012-12-25 17:05:40,390 velOut TRACE initProviders()
2012-12-25 17:05:40,390 velOut PARANOID available OutPortProviders: corba_cdr
2012-12-25 17:05:40,390 velOut DEBUG dataflow_type pull is supported
2012-12-25 17:05:40,391 rtobject TRACE addOutPort(octetOut)
2012-12-25 17:05:40,391 rtobject TRACE addPort()
2012-12-25 17:05:40,391 rtobject TRACE addPort(PortBase)
2012-12-25 17:05:40,391 rtobject TRACE getObjRef()
2012-12-25 17:05:40,391 rtobject TRACE get_component_profile()
2012-12-25 17:05:40,392 velIn TRACE get_port_profile()
2012-12-25 17:05:40,392 octetIn TRACE get_port_profile()
2012-12-25 17:05:40,392 velOut TRACE get_port_profile()
2012-12-25 17:05:40,395 octetOut TRACE setOwner(Controller0)
2012-12-25 17:05:40,395 octetOut TRACE getPortProfile()
2012-12-25 17:05:40,395 octetOut TRACE getName() = Controller0.octetOut
2012-12-25 17:05:40,396 velIn TRACE get_port_profile()
2012-12-25 17:05:40,396 octetIn TRACE get_port_profile()
2012-12-25 17:05:40,396 velOut TRACE get_port_profile()
2012-12-25 17:05:40,397 octetOut TRACE getPortRef()
2012-12-25 17:05:40,397 octetOut TRACE getProfile()
2012-12-25 17:05:40,397 velIn TRACE getProfile()
2012-12-25 17:05:40,397 octetIn TRACE getProfile()
2012-12-25 17:05:40,397 velOut TRACE getProfile()
2012-12-25 17:05:40,397 octetOut TRACE init()
2012-12-25 17:05:40,398 octetOut TRACE initConsumers()
2012-12-25 17:05:40,398 octetOut PARANOID available InPortConsumer: corba_cdr
2012-12-25 17:05:40,398 octetOut PARANOID dataflow_type push is supported
2012-12-25 17:05:40,398 octetOut TRACE initProviders()
2012-12-25 17:05:40,398 octetOut PARANOID available OutPortProviders: corba_cdr
2012-12-25 17:05:40,399 octetOut DEBUG dataflow_type pull is supported
2012-12-25 17:05:40,399 rtobject DEBUG EC[0] starting.
2012-12-25 17:05:40,399 rtobject.periodic_ec TRACE start()
2012-12-25 17:05:40,399 rtobject TRACE on_startup(0)
2012-12-25 17:05:40,400 rtobject TRACE onStartup(0)
2012-12-25 17:05:40,400 rtobject.periodic_ec TRACE svc()
2012-12-25 17:05:40,400 manager TRACE RTC initialization succeeded: Controller
2012-12-25 17:05:40,401 rtobject TRACE getInstanceName()
2012-12-25 17:05:40,401 manager TRACE Manager.registerComponent(Controller0)
2012-12-25 17:05:40,401 rtobject TRACE getInstanceName()
2012-12-25 17:05:40,401 rtobject TRACE getNamingNames()
2012-12-25 17:05:40,401 manager TRACE Bind name: Controller0.rtc
2012-12-25 17:05:40,402 manager.namingmanager TRACE NamingManager::bindObject(Controller0.rtc)
2012-12-25 17:05:40,402 manager.namingoncorba TRACE bindObject(name = Controller0.rtc, rtobj or mgr)
2012-12-25 17:05:40,402 rtobject TRACE getObjRef()
2012-12-25 17:05:40,403 manager TRACE Manager.runManager(): blocking mode
2012-12-25 17:05:41,334 manager VERBOSE Manager.cleanupComponents()
2012-12-25 17:05:41,334 manager VERBOSE 0 components are marked as finalized.
2012-12-25 17:05:41,606 rtobject.periodic_ec PARANOID Period:    0.001000 [s]
2012-12-25 17:05:41,606 rtobject.periodic_ec PARANOID Execution: 0.000066 [s]
2012-12-25 17:05:41,606 rtobject.periodic_ec PARANOID Sleep:     0.000934 [s]
2012-12-25 17:05:41,606 rtobject.periodic_ec PARANOID sleeping...
2012-12-25 17:05:41,607 rtobject.periodic_ec PARANOID Slept:     0.001197 [s]
2012-12-25 17:05:42,342 manager VERBOSE Manager.cleanupComponents()
2012-12-25 17:05:42,342 manager VERBOSE 0 components are marked as finalized.
2012-12-25 17:05:42,805 rtobject.periodic_ec PARANOID Period:    0.001000 [s]
2012-12-25 17:05:42,805 rtobject.periodic_ec PARANOID Execution: 0.000066 [s]
2012-12-25 17:05:42,805 rtobject.periodic_ec PARANOID Sleep:     0.000934 [s]
2012-12-25 17:05:42,805 rtobject.periodic_ec PARANOID sleeping...
2012-12-25 17:05:42,806 rtobject.periodic_ec PARANOID Slept:     0.001194 [s]
2012-12-25 17:05:43,350 manager VERBOSE Manager.cleanupComponents()
2012-12-25 17:05:43,350 manager VERBOSE 0 components are marked as finalized.
2012-12-25 17:05:44,081 rtobject.periodic_ec PARANOID Period:    0.001000 [s]
2012-12-25 17:05:44,081 rtobject.periodic_ec PARANOID Execution: 0.000088 [s]
2012-12-25 17:05:44,081 rtobject.periodic_ec PARANOID Sleep:     0.000912 [s]
2012-12-25 17:05:44,081 rtobject.periodic_ec PARANOID sleeping...
2012-12-25 17:05:44,083 rtobject.periodic_ec PARANOID Slept:     0.001192 [s]
2012-12-25 17:05:44,359 manager VERBOSE Manager.cleanupComponents()
2012-12-25 17:05:44,359 manager VERBOSE 0 components are marked as finalized.
2012-12-25 17:05:45,284 rtobject TRACE get_component_profile()
2012-12-25 17:05:45,285 velIn TRACE get_port_profile()
2012-12-25 17:05:45,285 octetIn TRACE get_port_profile()
2012-12-25 17:05:45,285 rtobject.periodic_ec PARANOID Period:    0.001000 [s]
2012-12-25 17:05:45,285 velOut TRACE get_port_profile()
2012-12-25 17:05:45,285 rtobject.periodic_ec PARANOID Execution: 0.000098 [s]
2012-12-25 17:05:45,286 rtobject.periodic_ec PARANOID Sleep:     0.000902 [s]
2012-12-25 17:05:45,286 rtobject.periodic_ec PARANOID sleeping...
2012-12-25 17:05:45,286 octetOut TRACE get_port_profile()
2012-12-25 17:05:45,287 rtobject.periodic_ec PARANOID Slept:     0.001385 [s]
2012-12-25 17:05:45,290 rtobject TRACE get_owned_contexts()
2012-12-25 17:05:45,291 rtobject TRACE get_participating_contexts()
2012-12-25 17:05:45,291 rtobject TRACE get_context_handle()
2012-12-25 17:05:45,292 rtobject.periodic_ec TRACE get_profile()
2012-12-25 17:05:45,293 rtobject.periodic_ec TRACE is_running()
2012-12-25 17:05:45,293 rtobject.periodic_ec TRACE get_component_state()
2012-12-25 17:05:45,294 rtobject TRACE get_configuration()
2012-12-25 17:05:45,295 rtobject.sdo_config TRACE get_configuration_sets()
2012-12-25 17:05:45,295 rtobject TRACE get_configuration()
2012-12-25 17:05:45,295 rtobject.sdo_config TRACE get_active_configuration_set()
2012-12-25 17:05:45,296 rtobject TRACE get_owned_organizations()
2012-12-25 17:05:45,369 manager VERBOSE Manager.cleanupComponents()
2012-12-25 17:05:45,369 manager VERBOSE 0 components are marked as finalized.
2012-12-25 17:05:46,378 manager VERBOSE Manager.cleanupComponents()
2012-12-25 17:05:46,378 manager VERBOSE 0 components are marked as finalized.
2012-12-25 17:05:46,494 rtobject.periodic_ec PARANOID Period:    0.001000 [s]
2012-12-25 17:05:46,495 rtobject.periodic_ec PARANOID Execution: 0.000058 [s]
2012-12-25 17:05:46,495 rtobject.periodic_ec PARANOID Sleep:     0.000942 [s]
2012-12-25 17:05:46,495 rtobject.periodic_ec PARANOID sleeping...
2012-12-25 17:05:46,496 rtobject.periodic_ec PARANOID Slept:     0.001215 [s]
2012-12-25 17:05:47,388 manager VERBOSE Manager.cleanupComponents()
2012-12-25 17:05:47,388 manager VERBOSE 0 components are marked as finalized.
2012-12-25 17:05:47,698 rtobject.periodic_ec PARANOID Period:    0.001000 [s]
2012-12-25 17:05:47,699 rtobject.periodic_ec PARANOID Execution: 0.000061 [s]
2012-12-25 17:05:47,699 rtobject.periodic_ec PARANOID Sleep:     0.000939 [s]
2012-12-25 17:05:47,699 rtobject.periodic_ec PARANOID sleeping...
2012-12-25 17:05:47,700 rtobject.periodic_ec PARANOID Slept:     0.001199 [s]
2012-12-25 17:05:48,398 manager VERBOSE Manager.cleanupComponents()
2012-12-25 17:05:48,398 manager VERBOSE 0 components are marked as finalized.
2012-12-25 17:05:48,959 rtobject.periodic_ec PARANOID Period:    0.001000 [s]
2012-12-25 17:05:48,960 rtobject.periodic_ec PARANOID Execution: 0.000099 [s]
2012-12-25 17:05:48,960 rtobject.periodic_ec PARANOID Sleep:     0.000901 [s]
2012-12-25 17:05:48,960 rtobject.periodic_ec PARANOID sleeping...
2012-12-25 17:05:48,961 rtobject.periodic_ec PARANOID Slept:     0.001265 [s]
2012-12-25 17:05:49,409 manager VERBOSE Manager.cleanupComponents()
2012-12-25 17:05:49,410 manager VERBOSE 0 components are marked as finalized.
2012-12-25 17:05:49,590 manager TRACE Manager.shutdown()
2012-12-25 17:05:49,590 manager TRACE Manager.shutdownComponents()
2012-12-25 17:05:49,590 rtobject TRACE exit()
2012-12-25 17:05:49,590 rtobject.periodic_ec TRACE deactivate_component()
2012-12-25 17:05:49,591 rtobject.periodic_ec TRACE stop()
2012-12-25 17:05:49,591 rtobject TRACE on_shutdown(0)
2012-12-25 17:05:49,591 rtobject TRACE onShutdown(0)
2012-12-25 17:05:49,591 rtobject TRACE finalize()
2012-12-25 17:05:49,591 rtobject TRACE on_finalize()
2012-12-25 17:05:49,591 rtobject TRACE onFinalize()
2012-12-25 17:05:49,592 rtobject TRACE shutdown()
2012-12-25 17:05:49,592 rtobject TRACE finalizePorts()
2012-12-25 17:05:49,592 velIn TRACE deactivateInterfaces()
2012-12-25 17:05:49,592 octetIn TRACE deactivateInterfaces()
2012-12-25 17:05:49,592 velOut TRACE deactivateInterfaces()
2012-12-25 17:05:49,592 octetOut TRACE deactivateInterfaces()
2012-12-25 17:05:49,593 octetOut TRACE disconnect_all()
2012-12-25 17:05:49,593 octetOut DEBUG disconnecting 0 connections.
2012-12-25 17:05:49,593 octetOut TRACE getProfile()
2012-12-25 17:05:49,593 velIn TRACE get_port_profile()
2012-12-25 17:05:49,593 octetIn TRACE get_port_profile()
2012-12-25 17:05:49,594 velOut TRACE get_port_profile()
2012-12-25 17:05:49,594 octetOut TRACE get_port_profile()
2012-12-25 17:05:49,594 octetOut TRACE setPortRef()
2012-12-25 17:05:49,594 velIn TRACE getProfile()
2012-12-25 17:05:49,595 octetIn TRACE getProfile()
2012-12-25 17:05:49,595 velOut TRACE getProfile()
2012-12-25 17:05:49,595 octetOut TRACE getProfile()
2012-12-25 17:05:49,595 velOut TRACE disconnect_all()
2012-12-25 17:05:49,595 velOut DEBUG disconnecting 0 connections.
2012-12-25 17:05:49,595 velOut TRACE getProfile()
2012-12-25 17:05:49,596 velIn TRACE get_port_profile()
2012-12-25 17:05:49,596 octetIn TRACE get_port_profile()
2012-12-25 17:05:49,596 velOut TRACE get_port_profile()
2012-12-25 17:05:49,596 velOut TRACE setPortRef()
2012-12-25 17:05:49,596 velIn TRACE getProfile()
2012-12-25 17:05:49,596 octetIn TRACE getProfile()
2012-12-25 17:05:49,596 velOut TRACE getProfile()
2012-12-25 17:05:49,597 octetIn TRACE disconnect_all()
2012-12-25 17:05:49,597 octetIn DEBUG disconnecting 0 connections.
2012-12-25 17:05:49,597 octetIn TRACE getProfile()
2012-12-25 17:05:49,597 velIn TRACE get_port_profile()
2012-12-25 17:05:49,597 octetIn TRACE get_port_profile()
2012-12-25 17:05:49,597 octetIn TRACE setPortRef()
2012-12-25 17:05:49,597 velIn TRACE getProfile()
2012-12-25 17:05:49,597 octetIn TRACE getProfile()
2012-12-25 17:05:49,597 velIn TRACE disconnect_all()
2012-12-25 17:05:49,597 velIn DEBUG disconnecting 0 connections.
2012-12-25 17:05:49,598 velIn TRACE getProfile()
2012-12-25 17:05:49,598 velIn TRACE get_port_profile()
2012-12-25 17:05:49,598 velIn TRACE setPortRef()
2012-12-25 17:05:49,598 velIn TRACE getProfile()
2012-12-25 17:05:49,598 rtobject TRACE finalizeContexts()
2012-12-25 17:05:49,598 rtobject.periodic_ec TRACE stop()
2012-12-25 17:05:49,598 rtobject.periodic_ec TRACE ~PeriodicExecutionContext()
2012-12-25 17:05:49,598 rtobject DEBUG Cleanup on Manager
2012-12-25 17:05:49,598 manager TRACE Manager.notifyFinalized()
2012-12-25 17:05:49,599 rtobject TRACE getInstanceName()
2012-12-25 17:05:49,599 rtobject TRACE getProperties()
2012-12-25 17:05:49,600 manager TRACE Manager.shutdownNaming()
2012-12-25 17:05:49,600 manager.namingmanager TRACE NamingManager::unbindAll(): 1 names.
2012-12-25 17:05:49,600 manager.namingmanager TRACE NamingManager::unbindObject(Controller0.rtc)
2012-12-25 17:05:49,600 manager.namingoncorba TRACE unbindObject(name  = Controller0.rtc)
2012-12-25 17:05:49,600 manager.namingmanager TRACE NamingManager::unbindObject(asura.local.host_cxt/manager.mgr)
2012-12-25 17:05:49,601 manager.namingoncorba TRACE unbindObject(name  = asura.local.host_cxt/manager.mgr)
2012-12-25 17:05:49,601 manager TRACE Manager.shutdownORB()
2012-12-25 17:05:49,601 manager DEBUG No pending works of ORB. Shutting down POA and ORB.
2012-12-25 17:05:49,601 manager DEBUG POA Manager was deactivated.
2012-12-25 17:05:49,601 manager DEBUG POA was destroyed.
2012-12-25 17:05:49,601 manager DEBUG ORB was shutdown.
2012-12-25 17:05:49,602 manager TRACE Manager.shutdownManager()
2012-12-25 17:05:49,614 manager TRACE Manager.wait()
2012-12-25 17:05:49,614 manager TRACE Manager.shutdownLogger()
