2012-12-25 17:06:36,620 manager INFO 1.1.0
2012-12-25 17:06:36,620 manager INFO Copyright (C) 2003-2010
2012-12-25 17:06:36,620 manager INFO   Noriaki Ando
2012-12-25 17:06:36,621 manager INFO   Intelligent Systems Research Institute, AIST
2012-12-25 17:06:36,621 manager INFO Manager starting.
2012-12-25 17:06:36,621 manager INFO Starting local logging.
2012-12-25 17:06:36,621 manager TRACE Manager.initORB()
2012-12-25 17:06:36,621 manager DEBUG corba.args: 
2012-12-25 17:06:36,621 manager DEBUG corba.endpoint: 
2012-12-25 17:06:36,622 manager DEBUG manager.is_master: YES
2012-12-25 17:06:36,622 manager DEBUG corba.id: omniORB
2012-12-25 17:06:36,622 manager DEBUG Endpoint is : :2810
2012-12-25 17:06:36,622 manager PARANOID ORB options:  -ORBendPoint giop:tcp::2810
2012-12-25 17:06:36,623 manager TRACE Manager.initNaming()
2012-12-25 17:06:36,624 manager TRACE Register Naming Server: corba/localhost:2809
2012-12-25 17:06:36,624 manager.namingmanager TRACE NamingManager::registerNameServer(corba, localhost:2809)
2012-12-25 17:06:36,624 manager.namingmanager TRACE createNamingObj(method = corba, nameserver = localhost:2809)
2012-12-25 17:06:36,624 manager TRACE Manager.getORB()
2012-12-25 17:06:36,625 manager.namingmanager INFO NameServer connection succeeded: corba/localhost:2809
2012-12-25 17:06:36,625 manager TRACE Manager.initFactories()
2012-12-25 17:06:36,625 manager TRACE Manager.initExecContext()
2012-12-25 17:06:36,626 manager TRACE Manager.registerECFactory(PeriodicExecutionContext)
2012-12-25 17:06:36,626 manager TRACE Manager.registerECFactory(ExtTrigExecutionContext)
2012-12-25 17:06:36,626 manager TRACE Manager.registerECFactory(OpenHRPExecutionContext)
2012-12-25 17:06:36,626 manager TRACE Manager.initComposite()
2012-12-25 17:06:36,626 manager TRACE Manager.registerFactory(PeriodicECSharedComposite)
2012-12-25 17:06:36,626 manager TRACE Manager.initManagerServant()
2012-12-25 17:06:36,629 ManagerServant TRACE This manager is master.
2012-12-25 17:06:36,629 manager TRACE Manager.getORB()
2012-12-25 17:06:36,629 ManagerServant TRACE Manager CORBA servant was successfully created.
2012-12-25 17:06:36,629 manager.namingmanager TRACE NamingManager::bindManagerObject(asura.local.host_cxt/manager.mgr)
2012-12-25 17:06:36,629 manager.namingoncorba TRACE bindObject(name = asura.local.host_cxt/manager.mgr, rtobj or mgr)
2012-12-25 17:06:36,630 manager TRACE Manager.activateManager()
2012-12-25 17:06:36,630 manager TRACE Manager.getPOAManager()
2012-12-25 17:06:36,630 manager TRACE POA Manager activated.
2012-12-25 17:06:36,630 ModuleManager TRACE load(fname = controller/Controller.py)
2012-12-25 17:06:36,634 manager TRACE Manager.registerFactory(Controller)
2012-12-25 17:06:36,635 manager TRACE Manager.createComponent(Controller)
2012-12-25 17:06:36,635 manager TRACE RTC basic profile vendor: 
2012-12-25 17:06:36,635 manager TRACE RTC basic profile category: 
2012-12-25 17:06:36,635 manager TRACE RTC basic profile implementation_id: Controller
2012-12-25 17:06:36,635 manager TRACE RTC basic profile version: 
2012-12-25 17:06:36,637 manager TRACE Manager.getORB()
2012-12-25 17:06:36,637 manager TRACE Manager.getPOA()
2012-12-25 17:06:36,637 manager TRACE Manager.getORB()
2012-12-25 17:06:36,637 manager TRACE Manager.getPOA()
2012-12-25 17:06:36,637 rtobject TRACE getProperties()
2012-12-25 17:06:36,638 SdoServiceAdmin TRACE SdoServiceAdmin::SdoServiceAdmin()
2012-12-25 17:06:36,638 rtobject TRACE getProperties()
2012-12-25 17:06:36,638 SdoServiceAdmin DEBUG sdo.service.provider.enabled_services: 
2012-12-25 17:06:36,638 SdoServiceAdmin DEBUG sdo.service.provider.available_services: 
2012-12-25 17:06:36,638 SdoServiceAdmin DEBUG sdo.service.consumer.enabled_services: 
2012-12-25 17:06:36,638 SdoServiceAdmin DEBUG sdo.service.consumer.available_services: 
2012-12-25 17:06:36,639 velIn DEBUG Port name: velIn
2012-12-25 17:06:36,639 velIn DEBUG setting port.port_type: DataInPort
2012-12-25 17:06:36,639 velIn DEBUG setting port.data_type: IDL:RTC/TimedVelocity2D:1.0
2012-12-25 17:06:36,639 octetIn DEBUG Port name: octetIn
2012-12-25 17:06:36,639 octetIn DEBUG setting port.port_type: DataInPort
2012-12-25 17:06:36,639 octetIn DEBUG setting port.data_type: IDL:RTC/TimedOctetSeq:1.0
2012-12-25 17:06:36,640 velOut DEBUG Port name: velOut
2012-12-25 17:06:36,640 velOut DEBUG setting port.port_type: DataOutPort
2012-12-25 17:06:36,640 velOut DEBUG setting dataport.data_type: IDL:RTC/TimedVelocity2D:1.0
2012-12-25 17:06:36,640 velOut DEBUG available subscription_type: flush, new, periodic
2012-12-25 17:06:36,640 octetOut DEBUG Port name: octetOut
2012-12-25 17:06:36,640 octetOut DEBUG setting port.port_type: DataOutPort
2012-12-25 17:06:36,640 octetOut DEBUG setting dataport.data_type: IDL:RTC/TimedOctetSeq:1.0
2012-12-25 17:06:36,640 octetOut DEBUG available subscription_type: flush, new, periodic
2012-12-25 17:06:36,640 rtobject TRACE setProperties()
2012-12-25 17:06:36,641 rtobject TRACE getTypeName()
2012-12-25 17:06:36,641 rtobject TRACE setInstanceName(Controller0)
2012-12-25 17:06:36,642 manager TRACE RTC Created: Controller
2012-12-25 17:06:36,642 rtobject TRACE getCategory()
2012-12-25 17:06:36,642 rtobject TRACE getTypeName()
2012-12-25 17:06:36,642 rtobject TRACE getInstanceName()
2012-12-25 17:06:36,642 rtobject TRACE setProperties()
2012-12-25 17:06:36,643 rtobject TRACE setProperties()
2012-12-25 17:06:36,643 rtobject TRACE getProperties()
2012-12-25 17:06:36,645 rtobject TRACE getProperties()
2012-12-25 17:06:36,645 rtobject TRACE getProperties()
2012-12-25 17:06:36,645 rtobject TRACE getProperties()
2012-12-25 17:06:36,645 rtobject TRACE initialize()
2012-12-25 17:06:36,645 manager TRACE Manager.createContext()
2012-12-25 17:06:36,645 manager TRACE ExecutionContext type: PeriodicExecutionContext
2012-12-25 17:06:36,645 manager TRACE EC property rate: 1000.0
2012-12-25 17:06:36,645 rtobject.periodic_ec TRACE PeriodicExecutionContext()
2012-12-25 17:06:36,646 rtobject.periodic_ec DEBUG Actual rate: 0 [sec], 1 [usec]
2012-12-25 17:06:36,646 rtobject.periodic_ec TRACE set_rate(1000.000000)
2012-12-25 17:06:36,646 rtobject.periodic_ec TRACE bindComponent()
2012-12-25 17:06:36,646 rtobject TRACE getObjRef()
2012-12-25 17:06:36,646 rtobject TRACE bindContext()
2012-12-25 17:06:36,646 rtobject.periodic_ec DEBUG bindContext returns id = 0
2012-12-25 17:06:36,646 rtobject TRACE on_initialize()
2012-12-25 17:06:36,646 rtobject TRACE addInPort(velIn)
2012-12-25 17:06:36,647 rtobject TRACE addPort()
2012-12-25 17:06:36,647 rtobject TRACE addPort(PortBase)
2012-12-25 17:06:36,647 rtobject TRACE getObjRef()
2012-12-25 17:06:36,647 rtobject TRACE get_component_profile()
2012-12-25 17:06:36,648 velIn TRACE setOwner(Controller0)
2012-12-25 17:06:36,648 velIn TRACE getPortProfile()
2012-12-25 17:06:36,648 velIn TRACE getName() = Controller0.velIn
2012-12-25 17:06:36,648 velIn TRACE getPortRef()
2012-12-25 17:06:36,649 velIn TRACE getProfile()
2012-12-25 17:06:36,649 velIn TRACE init()
2012-12-25 17:06:36,649 velIn DEBUG single buffer mode.
2012-12-25 17:06:36,649 velIn TRACE initProviders()
2012-12-25 17:06:36,649 velIn DEBUG available providers: corba_cdr
2012-12-25 17:06:36,650 velIn DEBUG dataflow_type push is supported
2012-12-25 17:06:36,650 velIn TRACE initConsumers()
2012-12-25 17:06:36,650 velIn DEBUG available consumers: corba_cdr
2012-12-25 17:06:36,650 velIn PARANOID dataflow_type pull is supported
2012-12-25 17:06:36,650 rtobject TRACE addInPort(octetIn)
2012-12-25 17:06:36,651 rtobject TRACE addPort()
2012-12-25 17:06:36,651 rtobject TRACE addPort(PortBase)
2012-12-25 17:06:36,651 rtobject TRACE getObjRef()
2012-12-25 17:06:36,651 rtobject TRACE get_component_profile()
2012-12-25 17:06:36,652 velIn TRACE get_port_profile()
2012-12-25 17:06:36,654 octetIn TRACE setOwner(Controller0)
2012-12-25 17:06:36,654 octetIn TRACE getPortProfile()
2012-12-25 17:06:36,654 octetIn TRACE getName() = Controller0.octetIn
2012-12-25 17:06:36,654 velIn TRACE get_port_profile()
2012-12-25 17:06:36,655 octetIn TRACE getPortRef()
2012-12-25 17:06:36,655 octetIn TRACE getProfile()
2012-12-25 17:06:36,655 velIn TRACE getProfile()
2012-12-25 17:06:36,655 octetIn TRACE init()
2012-12-25 17:06:36,655 octetIn DEBUG single buffer mode.
2012-12-25 17:06:36,656 octetIn TRACE initProviders()
2012-12-25 17:06:36,656 octetIn DEBUG available providers: corba_cdr
2012-12-25 17:06:36,656 octetIn DEBUG dataflow_type push is supported
2012-12-25 17:06:36,656 octetIn TRACE initConsumers()
2012-12-25 17:06:36,656 octetIn DEBUG available consumers: corba_cdr
2012-12-25 17:06:36,656 octetIn PARANOID dataflow_type pull is supported
2012-12-25 17:06:36,657 rtobject TRACE addOutPort(velOut)
2012-12-25 17:06:36,657 rtobject TRACE addPort()
2012-12-25 17:06:36,657 rtobject TRACE addPort(PortBase)
2012-12-25 17:06:36,658 rtobject TRACE getObjRef()
2012-12-25 17:06:36,658 rtobject TRACE get_component_profile()
2012-12-25 17:06:36,658 velIn TRACE get_port_profile()
2012-12-25 17:06:36,658 octetIn TRACE get_port_profile()
2012-12-25 17:06:36,661 velOut TRACE setOwner(Controller0)
2012-12-25 17:06:36,661 velOut TRACE getPortProfile()
2012-12-25 17:06:36,661 velOut TRACE getName() = Controller0.velOut
2012-12-25 17:06:36,661 velIn TRACE get_port_profile()
2012-12-25 17:06:36,661 octetIn TRACE get_port_profile()
2012-12-25 17:06:36,661 velOut TRACE getPortRef()
2012-12-25 17:06:36,661 velOut TRACE getProfile()
2012-12-25 17:06:36,661 velIn TRACE getProfile()
2012-12-25 17:06:36,662 octetIn TRACE getProfile()
2012-12-25 17:06:36,662 velOut TRACE init()
2012-12-25 17:06:36,662 velOut TRACE initConsumers()
2012-12-25 17:06:36,662 velOut PARANOID available InPortConsumer: corba_cdr
2012-12-25 17:06:36,662 velOut PARANOID dataflow_type push is supported
2012-12-25 17:06:36,662 velOut TRACE initProviders()
2012-12-25 17:06:36,662 velOut PARANOID available OutPortProviders: corba_cdr
2012-12-25 17:06:36,662 velOut DEBUG dataflow_type pull is supported
2012-12-25 17:06:36,662 rtobject TRACE addOutPort(octetOut)
2012-12-25 17:06:36,662 rtobject TRACE addPort()
2012-12-25 17:06:36,663 rtobject TRACE addPort(PortBase)
2012-12-25 17:06:36,663 rtobject TRACE getObjRef()
2012-12-25 17:06:36,663 rtobject TRACE get_component_profile()
2012-12-25 17:06:36,663 velIn TRACE get_port_profile()
2012-12-25 17:06:36,663 octetIn TRACE get_port_profile()
2012-12-25 17:06:36,663 velOut TRACE get_port_profile()
2012-12-25 17:06:36,664 octetOut TRACE setOwner(Controller0)
2012-12-25 17:06:36,665 octetOut TRACE getPortProfile()
2012-12-25 17:06:36,665 octetOut TRACE getName() = Controller0.octetOut
2012-12-25 17:06:36,665 velIn TRACE get_port_profile()
2012-12-25 17:06:36,665 octetIn TRACE get_port_profile()
2012-12-25 17:06:36,665 velOut TRACE get_port_profile()
2012-12-25 17:06:36,665 octetOut TRACE getPortRef()
2012-12-25 17:06:36,666 octetOut TRACE getProfile()
2012-12-25 17:06:36,666 velIn TRACE getProfile()
2012-12-25 17:06:36,666 octetIn TRACE getProfile()
2012-12-25 17:06:36,666 velOut TRACE getProfile()
2012-12-25 17:06:36,666 octetOut TRACE init()
2012-12-25 17:06:36,666 octetOut TRACE initConsumers()
2012-12-25 17:06:36,667 octetOut PARANOID available InPortConsumer: corba_cdr
2012-12-25 17:06:36,667 octetOut PARANOID dataflow_type push is supported
2012-12-25 17:06:36,667 octetOut TRACE initProviders()
2012-12-25 17:06:36,667 octetOut PARANOID available OutPortProviders: corba_cdr
2012-12-25 17:06:36,667 octetOut DEBUG dataflow_type pull is supported
2012-12-25 17:06:36,668 rtobject DEBUG EC[0] starting.
2012-12-25 17:06:36,668 rtobject.periodic_ec TRACE start()
2012-12-25 17:06:36,668 rtobject TRACE on_startup(0)
2012-12-25 17:06:36,668 rtobject TRACE onStartup(0)
2012-12-25 17:06:36,669 rtobject.periodic_ec TRACE svc()
2012-12-25 17:06:36,669 manager TRACE RTC initialization succeeded: Controller
2012-12-25 17:06:36,669 rtobject TRACE getInstanceName()
2012-12-25 17:06:36,670 manager TRACE Manager.registerComponent(Controller0)
2012-12-25 17:06:36,670 rtobject TRACE getInstanceName()
2012-12-25 17:06:36,670 rtobject TRACE getNamingNames()
2012-12-25 17:06:36,670 manager TRACE Bind name: Controller0.rtc
2012-12-25 17:06:36,671 manager.namingmanager TRACE NamingManager::bindObject(Controller0.rtc)
2012-12-25 17:06:36,671 manager.namingoncorba TRACE bindObject(name = Controller0.rtc, rtobj or mgr)
2012-12-25 17:06:36,671 rtobject TRACE getObjRef()
2012-12-25 17:06:36,671 manager TRACE Manager.runManager(): blocking mode
2012-12-25 17:06:37,630 manager VERBOSE Manager.cleanupComponents()
2012-12-25 17:06:37,630 manager VERBOSE 0 components are marked as finalized.
2012-12-25 17:06:37,874 rtobject.periodic_ec PARANOID Period:    0.001000 [s]
2012-12-25 17:06:37,874 rtobject.periodic_ec PARANOID Execution: 0.000060 [s]
2012-12-25 17:06:37,874 rtobject.periodic_ec PARANOID Sleep:     0.000940 [s]
2012-12-25 17:06:37,874 rtobject.periodic_ec PARANOID sleeping...
2012-12-25 17:06:37,875 rtobject.periodic_ec PARANOID Slept:     0.001204 [s]
2012-12-25 17:06:38,639 manager VERBOSE Manager.cleanupComponents()
2012-12-25 17:06:38,639 manager VERBOSE 0 components are marked as finalized.
2012-12-25 17:06:39,117 rtobject.periodic_ec PARANOID Period:    0.001000 [s]
2012-12-25 17:06:39,118 rtobject.periodic_ec PARANOID Execution: 0.000067 [s]
2012-12-25 17:06:39,118 rtobject.periodic_ec PARANOID Sleep:     0.000933 [s]
2012-12-25 17:06:39,118 rtobject.periodic_ec PARANOID sleeping...
2012-12-25 17:06:39,119 rtobject.periodic_ec PARANOID Slept:     0.001220 [s]
2012-12-25 17:06:39,253 rtobject TRACE get_component_profile()
2012-12-25 17:06:39,254 velIn TRACE get_port_profile()
2012-12-25 17:06:39,254 octetIn TRACE get_port_profile()
2012-12-25 17:06:39,254 velOut TRACE get_port_profile()
2012-12-25 17:06:39,255 octetOut TRACE get_port_profile()
2012-12-25 17:06:39,258 rtobject TRACE get_owned_contexts()
2012-12-25 17:06:39,259 rtobject TRACE get_participating_contexts()
2012-12-25 17:06:39,259 rtobject TRACE get_context_handle()
2012-12-25 17:06:39,260 rtobject.periodic_ec TRACE get_profile()
2012-12-25 17:06:39,261 rtobject.periodic_ec TRACE is_running()
2012-12-25 17:06:39,261 rtobject.periodic_ec TRACE get_component_state()
2012-12-25 17:06:39,262 rtobject TRACE get_configuration()
2012-12-25 17:06:39,262 rtobject.sdo_config TRACE get_configuration_sets()
2012-12-25 17:06:39,263 rtobject TRACE get_configuration()
2012-12-25 17:06:39,263 rtobject.sdo_config TRACE get_active_configuration_set()
2012-12-25 17:06:39,264 rtobject TRACE get_owned_organizations()
2012-12-25 17:06:39,648 manager VERBOSE Manager.cleanupComponents()
2012-12-25 17:06:39,648 manager VERBOSE 0 components are marked as finalized.
2012-12-25 17:06:40,352 rtobject.periodic_ec PARANOID Period:    0.001000 [s]
2012-12-25 17:06:40,352 rtobject.periodic_ec PARANOID Execution: 0.000120 [s]
2012-12-25 17:06:40,352 rtobject.periodic_ec PARANOID Sleep:     0.000880 [s]
2012-12-25 17:06:40,353 rtobject.periodic_ec PARANOID sleeping...
2012-12-25 17:06:40,354 rtobject.periodic_ec PARANOID Slept:     0.001271 [s]
2012-12-25 17:06:40,658 manager VERBOSE Manager.cleanupComponents()
2012-12-25 17:06:40,658 manager VERBOSE 0 components are marked as finalized.
2012-12-25 17:06:41,575 rtobject.periodic_ec PARANOID Period:    0.001000 [s]
2012-12-25 17:06:41,576 rtobject.periodic_ec PARANOID Execution: 0.000111 [s]
2012-12-25 17:06:41,576 rtobject.periodic_ec PARANOID Sleep:     0.000889 [s]
2012-12-25 17:06:41,576 rtobject.periodic_ec PARANOID sleeping...
2012-12-25 17:06:41,582 rtobject.periodic_ec PARANOID Slept:     0.003490 [s]
2012-12-25 17:06:41,668 manager VERBOSE Manager.cleanupComponents()
2012-12-25 17:06:41,668 manager VERBOSE 0 components are marked as finalized.
2012-12-25 17:06:42,392 manager TRACE Manager.shutdown()
2012-12-25 17:06:42,393 manager TRACE Manager.shutdownComponents()
2012-12-25 17:06:42,393 rtobject TRACE exit()
2012-12-25 17:06:42,393 rtobject.periodic_ec TRACE deactivate_component()
2012-12-25 17:06:42,393 rtobject.periodic_ec TRACE stop()
2012-12-25 17:06:42,393 rtobject TRACE on_shutdown(0)
2012-12-25 17:06:42,394 rtobject TRACE onShutdown(0)
2012-12-25 17:06:42,394 rtobject TRACE finalize()
2012-12-25 17:06:42,394 rtobject TRACE on_finalize()
2012-12-25 17:06:42,394 rtobject TRACE onFinalize()
2012-12-25 17:06:42,394 rtobject TRACE shutdown()
2012-12-25 17:06:42,394 rtobject TRACE finalizePorts()
2012-12-25 17:06:42,395 velIn TRACE deactivateInterfaces()
2012-12-25 17:06:42,395 octetIn TRACE deactivateInterfaces()
2012-12-25 17:06:42,395 velOut TRACE deactivateInterfaces()
2012-12-25 17:06:42,395 octetOut TRACE deactivateInterfaces()
2012-12-25 17:06:42,395 octetOut TRACE disconnect_all()
2012-12-25 17:06:42,395 octetOut DEBUG disconnecting 0 connections.
2012-12-25 17:06:42,396 octetOut TRACE getProfile()
2012-12-25 17:06:42,396 velIn TRACE get_port_profile()
2012-12-25 17:06:42,396 octetIn TRACE get_port_profile()
2012-12-25 17:06:42,396 velOut TRACE get_port_profile()
2012-12-25 17:06:42,397 octetOut TRACE get_port_profile()
2012-12-25 17:06:42,397 octetOut TRACE setPortRef()
2012-12-25 17:06:42,397 velIn TRACE getProfile()
2012-12-25 17:06:42,397 octetIn TRACE getProfile()
2012-12-25 17:06:42,397 velOut TRACE getProfile()
2012-12-25 17:06:42,398 octetOut TRACE getProfile()
2012-12-25 17:06:42,398 velOut TRACE disconnect_all()
2012-12-25 17:06:42,398 velOut DEBUG disconnecting 0 connections.
2012-12-25 17:06:42,398 velOut TRACE getProfile()
2012-12-25 17:06:42,398 velIn TRACE get_port_profile()
2012-12-25 17:06:42,399 octetIn TRACE get_port_profile()
2012-12-25 17:06:42,399 velOut TRACE get_port_profile()
2012-12-25 17:06:42,399 velOut TRACE setPortRef()
2012-12-25 17:06:42,399 velIn TRACE getProfile()
2012-12-25 17:06:42,399 octetIn TRACE getProfile()
2012-12-25 17:06:42,399 velOut TRACE getProfile()
2012-12-25 17:06:42,400 octetIn TRACE disconnect_all()
2012-12-25 17:06:42,400 octetIn DEBUG disconnecting 0 connections.
2012-12-25 17:06:42,400 octetIn TRACE getProfile()
2012-12-25 17:06:42,400 velIn TRACE get_port_profile()
2012-12-25 17:06:42,400 octetIn TRACE get_port_profile()
2012-12-25 17:06:42,400 octetIn TRACE setPortRef()
2012-12-25 17:06:42,400 velIn TRACE getProfile()
2012-12-25 17:06:42,401 octetIn TRACE getProfile()
2012-12-25 17:06:42,401 velIn TRACE disconnect_all()
2012-12-25 17:06:42,401 velIn DEBUG disconnecting 0 connections.
2012-12-25 17:06:42,401 velIn TRACE getProfile()
2012-12-25 17:06:42,401 velIn TRACE get_port_profile()
2012-12-25 17:06:42,402 velIn TRACE setPortRef()
2012-12-25 17:06:42,402 velIn TRACE getProfile()
2012-12-25 17:06:42,402 rtobject TRACE finalizeContexts()
2012-12-25 17:06:42,402 rtobject.periodic_ec TRACE stop()
2012-12-25 17:06:42,402 rtobject.periodic_ec TRACE ~PeriodicExecutionContext()
2012-12-25 17:06:42,403 rtobject DEBUG Cleanup on Manager
2012-12-25 17:06:42,403 manager TRACE Manager.notifyFinalized()
2012-12-25 17:06:42,403 rtobject TRACE getInstanceName()
2012-12-25 17:06:42,403 rtobject TRACE getProperties()
2012-12-25 17:06:42,406 manager TRACE Manager.shutdownNaming()
2012-12-25 17:06:42,406 manager.namingmanager TRACE NamingManager::unbindAll(): 1 names.
2012-12-25 17:06:42,406 manager.namingmanager TRACE NamingManager::unbindObject(Controller0.rtc)
2012-12-25 17:06:42,406 manager.namingoncorba TRACE unbindObject(name  = Controller0.rtc)
2012-12-25 17:06:42,407 manager.namingmanager TRACE NamingManager::unbindObject(asura.local.host_cxt/manager.mgr)
2012-12-25 17:06:42,407 manager.namingoncorba TRACE unbindObject(name  = asura.local.host_cxt/manager.mgr)
2012-12-25 17:06:42,407 manager TRACE Manager.shutdownORB()
2012-12-25 17:06:42,407 manager DEBUG No pending works of ORB. Shutting down POA and ORB.
2012-12-25 17:06:42,408 manager DEBUG POA Manager was deactivated.
2012-12-25 17:06:42,408 manager DEBUG POA was destroyed.
2012-12-25 17:06:42,408 manager DEBUG ORB was shutdown.
2012-12-25 17:06:42,408 manager TRACE Manager.shutdownManager()
2012-12-25 17:06:42,478 manager TRACE Manager.wait()
2012-12-25 17:06:42,478 manager TRACE Manager.shutdownLogger()
